<?xml version="1.0" encoding="UTF-8"?>
<!-- Generated by org.testng.reporters.JUnitXMLReporter -->
<testsuite ignored="6" hostname="DESKTOP-4O6QNOC" failures="0" tests="1" name="Default test" time="2.577" errors="0" timestamp="2022-10-15T21:54:08 CDT">
  <testcase classname="com.simpletest.ReqResTrial" name="create_user" time="2.53"/>
  <testcase classname="com.simpletest.ReqResTrial" name="single_user" time="0.0">
    <ignored/>
  </testcase> <!-- single_user -->
  <testcase classname="com.simpletest.ReqResTrial" name="list_resource" time="0.0">
    <ignored/>
  </testcase> <!-- list_resource -->
  <testcase classname="com.simpletest.ReqResTrial" name="list_users" time="0.0">
    <ignored/>
  </testcase> <!-- list_users -->
  <testcase classname="com.simpletest.ReqResTrial" name="singleResource_notFound" time="0.0">
    <ignored/>
  </testcase> <!-- singleResource_notFound -->
  <testcase classname="com.simpletest.ReqResTrial" name="single_resource" time="0.0">
    <ignored/>
  </testcase> <!-- single_resource -->
  <testcase classname="com.simpletest.ReqResTrial" name="singleUser_notFound" time="0.0">
    <ignored/>
  </testcase> <!-- singleUser_notFound -->
</testsuite> <!-- Default test -->
