<?xml version="1.0" encoding="UTF-8"?>
<testng-results ignored="6" total="7" passed="1" failed="0" skipped="0">
  <reporter-output>
  </reporter-output>
  <suite started-at="2022-10-15T21:54:06 CDT" name="Default suite" finished-at="2022-10-15T21:54:08 CDT" duration-ms="2577">
    <groups>
    </groups>
    <test started-at="2022-10-15T21:54:06 CDT" name="Default test" finished-at="2022-10-15T21:54:08 CDT" duration-ms="2577">
      <class name="com.simpletest.ReqResTrial">
        <test-method signature="create_user()[pri:0, instance:com.simpletest.ReqResTrial@169e6180]" started-at="2022-10-15T21:54:06 CDT" name="create_user" finished-at="2022-10-15T21:54:08 CDT" duration-ms="2530" status="PASS">
          <reporter-output>
          </reporter-output>
        </test-method> <!-- create_user -->
      </class> <!-- com.simpletest.ReqResTrial -->
    </test> <!-- Default test -->
  </suite> <!-- Default suite -->
</testng-results>
